[INF:CM0023] Creating log file "/home/alain/uhdm2rtlil/build/PrecompileOVM/slpp_all/surelog.log".
[WRN:PP0113] /home/alain/uhdm2rtlil/build/third_party/Surelog/bin/ovm-2.1.2/src/macros/ovm_object_defines.svh:1208:9: Unused macro argument "FLAG".
[WRN:PP0113] /home/alain/uhdm2rtlil/build/third_party/Surelog/bin/ovm-2.1.2/src/macros/ovm_object_defines.svh:1231:9: Unused macro argument "ARG".
[WRN:PP0113] /home/alain/uhdm2rtlil/build/third_party/Surelog/bin/ovm-2.1.2/src/macros/ovm_object_defines.svh:1246:9: Unused macro argument "ARG".
[WRN:PP0113] /home/alain/uhdm2rtlil/build/third_party/Surelog/bin/ovm-2.1.2/src/macros/ovm_object_defines.svh:1246:9: Unused macro argument "FLAG".
[WRN:PP0113] /home/alain/uhdm2rtlil/build/third_party/Surelog/bin/ovm-2.1.2/src/macros/ovm_object_defines.svh:1470:9: Unused macro argument "T".
[WRN:PP0113] /home/alain/uhdm2rtlil/build/third_party/Surelog/bin/ovm-2.1.2/src/macros/ovm_object_defines.svh:2842:9: Unused macro argument "FLAG".
[WRN:PP0113] /home/alain/uhdm2rtlil/build/third_party/Surelog/bin/ovm-2.1.2/src/macros/ovm_object_defines.svh:2910:9: Unused macro argument "ARG".
[WRN:PP0113] /home/alain/uhdm2rtlil/build/third_party/Surelog/bin/ovm-2.1.2/src/macros/ovm_object_defines.svh:2910:9: Unused macro argument "FLAG".
[WRN:PP0113] /home/alain/uhdm2rtlil/build/third_party/Surelog/bin/ovm-2.1.2/src/macros/ovm_printer_defines.svh:368:9: Unused macro argument "KEY".
[WRN:PP0113] /home/alain/uhdm2rtlil/build/third_party/Surelog/bin/ovm-2.1.2/src/macros/ovm_callback_defines.svh:255:9: Unused macro argument "CB".
[WRN:PP0113] /home/alain/uhdm2rtlil/build/third_party/Surelog/bin/ovm-2.1.2/src/macros/ovm_callback_defines.svh:255:9: Unused macro argument "OPER".
[WRN:PP0113] /home/alain/uhdm2rtlil/build/third_party/Surelog/bin/ovm-2.1.2/src/macros/ovm_callback_defines.svh:256:9: Unused macro argument "CB".
[WRN:PP0113] /home/alain/uhdm2rtlil/build/third_party/Surelog/bin/ovm-2.1.2/src/macros/ovm_callback_defines.svh:256:9: Unused macro argument "OBJ".
[WRN:PP0113] /home/alain/uhdm2rtlil/build/third_party/Surelog/bin/ovm-2.1.2/src/macros/ovm_callback_defines.svh:256:9: Unused macro argument "OPER".
[WRN:PP0113] /home/alain/uhdm2rtlil/build/third_party/Surelog/bin/ovm-2.1.2/src/compatibility/urm_message_defines.svh:111:9: Unused macro argument "HIERARCHY".
[NTE:PP0128] /home/alain/uhdm2rtlil/build/third_party/Surelog/bin/ovm-2.1.2/src/base/ovm_phases.sv:399: Non ASCII character detected, replaced by space.
[NTE:PP0105] /home/alain/uhdm2rtlil/build/third_party/Surelog/bin/ovm-2.1.2/src/tlm/sqr_connections.svh:23:1: Multiply defined macro "SEQ_ITEM_PULL_IMP",
             /home/alain/uhdm2rtlil/build/third_party/Surelog/bin/ovm-2.1.2/src/macros/tlm_defines.svh:503:9: previous definition.
[NTE:PP0128] /home/alain/uhdm2rtlil/build/third_party/Surelog/bin/ovm-2.1.2/src/methodology/sequences/ovm_sequencer_base.svh:1229: Non ASCII character detected, replaced by space.
[NTE:PP0128] /home/alain/uhdm2rtlil/build/third_party/Surelog/bin/ovm-2.1.2/src/methodology/sequences/ovm_sequence_builtin.svh:32: Non ASCII character detected, replaced by space.
[WRN:PA0205] /home/alain/uhdm2rtlil/build/third_party/Surelog/bin/ovm-2.1.2/src/ovm_pkg.sv:24:1: No timescale set for "ovm_pkg".
[  FATAL] : 0
[ SYNTAX] : 0
[  ERROR] : 0
[WARNING] : 16
[   NOTE] : 4
